<?xml version="1.0" encoding="UTF-8"?>
<!-- Generated by org.testng.reporters.JUnitReportReporter -->
<testsuite skipped="0" hostname="Swati-PC" name="Mavenproject.First.Selenium" tests="1" failures="0" timestamp="28 Apr 2018 05:40:24 GMT" time="42.409" errors="0">
  <testcase name="gmailLogin" time="42.409" classname="Mavenproject.First.Selenium"/>
</testsuite> <!-- Mavenproject.First.Selenium -->
